<?xml version="1.0" encoding="UTF-8"?>
<testsuites name="All Login" time="18.355" tests="2" failures="0" errors="0">
   <testsuite name="All Login" tests="2" failures="0" errors="0" time="18.355" skipped="0" timestamp="29-02-2024T15:34:03" hostname="root - 65962568eca7" id="Test Suites/All Login">
      <properties>
         <property name="deviceName" value=""/>
         <property name="devicePlatform" value=""/>
         <property name="logFolder" value="/tmp/project/Reports/20240229_153349/All Login/20240229_153355"/>
         <property name="logFiles" value="/tmp/project/Reports/20240229_153349/All Login/20240229_153355/execution0.log"/>
         <property name="attachments" value=""/>
         <property name="hostName" value="root - 65962568eca7"/>
         <property name="os" value="Linux 64bit"/>
         <property name="katalonVersion" value="9.3.1.212"/>
         <property name="browser" value="Firefox 123.0"/>
         <property name="hostAddress" value="172.17.0.2"/>
         <property name="sessionId" value="bc75bff4-cb88-41a8-ae2b-7e5cfe488608"/>
         <property name="seleniumVersion" value="3.141.59"/>
         <property name="proxyInformation" value="ProxyInformation { proxyOption=NO_PROXY, proxyServerType=HTTP, username=, password=********, proxyServerAddress=, proxyServerPort=0, executionList=&quot;&quot;, isApplyToDesiredCapabilities=true }"/>
         <property name="platform" value="Linux"/>
      </properties>
      <testcase name="Test Cases/Main Test Case/TC1_Login Verify" time="11.646" classname="Test Cases/Main Test Case/TC1_Login Verify" status="PASSED">
         <system-out><![CDATA[29-02-2024T15:34:03 - [TEST_CASE][PASSED] - Test Cases/Main Test Case/TC1_Login Verify: Test Cases/Main Test Case/TC1_Login Verify

29-02-2024T15:34:04 - [TEST_STEP][PASSED] - callTestCase(findTestCase("Common Test Case/Login"), ["Password":"panji123", "userName":"panji"], STOP_ON_FAILURE): Call Test Case 'Test Cases/Common Test Case/Login' successfully

29-02-2024T15:34:05 - [TEST_CASE][PASSED] - Test Cases/Common Test Case/Login: Test Cases/Common Test Case/Login

29-02-2024T15:34:05 - [TEST_STEP][PASSED] - openBrowser(""): Browser is opened with url: ''

29-02-2024T15:34:06 - [MESSAGE][INFO] - Starting 'Firefox (headless)' driver

29-02-2024T15:34:06 - [MESSAGE][INFO] - Action delay is set to 0 milliseconds

29-02-2024T15:34:10 - [MESSAGE][PASSED] - Browser is opened with url: ''

29-02-2024T15:34:10 - [TEST_STEP][PASSED] - navigateToUrl("https://demo.applitools.com"): Navigate to 'https://demo.applitools.com' successfully

29-02-2024T15:34:11 - [MESSAGE][PASSED] - Navigate to 'https://demo.applitools.com' successfully

29-02-2024T15:34:11 - [TEST_STEP][PASSED] - doubleClick(findTestObject("Object Repository/Page_ACME Demo App by Applitools/input_Username_username")): Object: 'Object Repository/Page_ACME Demo App by Applitools/input_Username_username' is double clicked on

29-02-2024T15:34:12 - [MESSAGE][PASSED] - Object: 'Object Repository/Page_ACME Demo App by Applitools/input_Username_username' is double clicked on

29-02-2024T15:34:12 - [TEST_STEP][PASSED] - setText(findTestObject("Object Repository/Page_ACME Demo App by Applitools/input_Username_username"), userName): Text 'panji' is set on object 'Object Repository/Page_ACME Demo App by Applitools/input_Username_username'

29-02-2024T15:34:12 - [MESSAGE][PASSED] - Text 'panji' is set on object 'Object Repository/Page_ACME Demo App by Applitools/input_Username_username'

29-02-2024T15:34:12 - [TEST_STEP][PASSED] - setText(findTestObject("Object Repository/Page_ACME Demo App by Applitools/input_Password_password"), Password): Text 'panji123' is set on object 'Object Repository/Page_ACME Demo App by Applitools/input_Password_password'

29-02-2024T15:34:12 - [MESSAGE][PASSED] - Text 'panji123' is set on object 'Object Repository/Page_ACME Demo App by Applitools/input_Password_password'

29-02-2024T15:34:12 - [TEST_STEP][PASSED] - click(findTestObject("Object Repository/Page_ACME Demo App by Applitools/a_Sign in")): Object: 'Object Repository/Page_ACME Demo App by Applitools/a_Sign in' is clicked on

29-02-2024T15:34:13 - [MESSAGE][PASSED] - Object: 'Object Repository/Page_ACME Demo App by Applitools/a_Sign in' is clicked on

29-02-2024T15:34:13 - [MESSAGE][PASSED] - Call Test Case 'Test Cases/Common Test Case/Login' successfully

29-02-2024T15:34:13 - [TEST_STEP][PASSED] - verifyElementPresent(findTestObject("Object Repository/Page_ACME demo app/a_Add Account"), 10): Object 'Object Repository/Page_ACME demo app/a_Add Account' is present

29-02-2024T15:34:13 - [MESSAGE][PASSED] - Object 'Object Repository/Page_ACME demo app/a_Add Account' is present

29-02-2024T15:34:13 - [TEST_STEP][PASSED] - verifyElementPresent(findTestObject("Object Repository/Page_ACME demo app/a_Make Payment"), 10): Object 'Object Repository/Page_ACME demo app/a_Make Payment' is present

29-02-2024T15:34:14 - [MESSAGE][PASSED] - Object 'Object Repository/Page_ACME demo app/a_Make Payment' is present

29-02-2024T15:34:14 - [TEST_STEP][PASSED] - verifyElementText(findTestObject("Object Repository/Page_ACME demo app/h6_Financial Overview"), "Financial Overview"): Actual text and expected text of test object 'Object Repository/Page_ACME demo app/h6_Financial Overview' are matched.

29-02-2024T15:34:14 - [MESSAGE][PASSED] - Actual text and expected text of test object 'Object Repository/Page_ACME demo app/h6_Financial Overview' are matched.

29-02-2024T15:34:14 - [TEST_STEP][PASSED] - verifyElementText(findTestObject("Object Repository/Page_ACME demo app/h6_Recent Transactions"), "Recent Transactions"): Actual text and expected text of test object 'Object Repository/Page_ACME demo app/h6_Recent Transactions' are matched.

29-02-2024T15:34:14 - [MESSAGE][PASSED] - Actual text and expected text of test object 'Object Repository/Page_ACME demo app/h6_Recent Transactions' are matched.

29-02-2024T15:34:14 - [TEST_STEP][PASSED] - closeBrowser(): Browser is closed

29-02-2024T15:34:15 - [MESSAGE][PASSED] - Browser is closed]]></system-out>
         <system-err><![CDATA[]]></system-err>
      </testcase>
      <testcase name="Test Cases/Main Test Case/TC2_Login Verify" time="6.37" classname="Test Cases/Main Test Case/TC2_Login Verify" status="PASSED">
         <system-out><![CDATA[29-02-2024T15:34:15 - [TEST_CASE][PASSED] - Test Cases/Main Test Case/TC2_Login Verify: Test Cases/Main Test Case/TC2_Login Verify

29-02-2024T15:34:15 - [TEST_STEP][PASSED] - callTestCase(findTestCase("Common Test Case/Login"), ["Password":"jipan123", "userName":"jipan"], STOP_ON_FAILURE): Call Test Case 'Test Cases/Common Test Case/Login' successfully

29-02-2024T15:34:16 - [TEST_CASE][PASSED] - Test Cases/Common Test Case/Login: Test Cases/Common Test Case/Login

29-02-2024T15:34:16 - [TEST_STEP][PASSED] - openBrowser(""): Browser is opened with url: ''

29-02-2024T15:34:16 - [MESSAGE][INFO] - Starting 'Firefox (headless)' driver

29-02-2024T15:34:16 - [MESSAGE][INFO] - Action delay is set to 0 milliseconds

29-02-2024T15:34:18 - [MESSAGE][PASSED] - Browser is opened with url: ''

29-02-2024T15:34:18 - [TEST_STEP][PASSED] - navigateToUrl("https://demo.applitools.com"): Navigate to 'https://demo.applitools.com' successfully

29-02-2024T15:34:18 - [MESSAGE][PASSED] - Navigate to 'https://demo.applitools.com' successfully

29-02-2024T15:34:18 - [TEST_STEP][PASSED] - doubleClick(findTestObject("Object Repository/Page_ACME Demo App by Applitools/input_Username_username")): Object: 'Object Repository/Page_ACME Demo App by Applitools/input_Username_username' is double clicked on

29-02-2024T15:34:19 - [MESSAGE][PASSED] - Object: 'Object Repository/Page_ACME Demo App by Applitools/input_Username_username' is double clicked on

29-02-2024T15:34:19 - [TEST_STEP][PASSED] - setText(findTestObject("Object Repository/Page_ACME Demo App by Applitools/input_Username_username"), userName): Text 'jipan' is set on object 'Object Repository/Page_ACME Demo App by Applitools/input_Username_username'

29-02-2024T15:34:19 - [MESSAGE][PASSED] - Text 'jipan' is set on object 'Object Repository/Page_ACME Demo App by Applitools/input_Username_username'

29-02-2024T15:34:19 - [TEST_STEP][PASSED] - setText(findTestObject("Object Repository/Page_ACME Demo App by Applitools/input_Password_password"), Password): Text 'jipan123' is set on object 'Object Repository/Page_ACME Demo App by Applitools/input_Password_password'

29-02-2024T15:34:19 - [MESSAGE][PASSED] - Text 'jipan123' is set on object 'Object Repository/Page_ACME Demo App by Applitools/input_Password_password'

29-02-2024T15:34:19 - [TEST_STEP][PASSED] - click(findTestObject("Object Repository/Page_ACME Demo App by Applitools/a_Sign in")): Object: 'Object Repository/Page_ACME Demo App by Applitools/a_Sign in' is clicked on

29-02-2024T15:34:20 - [MESSAGE][PASSED] - Object: 'Object Repository/Page_ACME Demo App by Applitools/a_Sign in' is clicked on

29-02-2024T15:34:20 - [MESSAGE][PASSED] - Call Test Case 'Test Cases/Common Test Case/Login' successfully

29-02-2024T15:34:20 - [TEST_STEP][PASSED] - verifyElementPresent(findTestObject("Object Repository/Page_ACME demo app/a_Add Account"), 10): Object 'Object Repository/Page_ACME demo app/a_Add Account' is present

29-02-2024T15:34:20 - [MESSAGE][PASSED] - Object 'Object Repository/Page_ACME demo app/a_Add Account' is present

29-02-2024T15:34:20 - [TEST_STEP][PASSED] - verifyElementPresent(findTestObject("Object Repository/Page_ACME demo app/a_Make Payment"), 10): Object 'Object Repository/Page_ACME demo app/a_Make Payment' is present

29-02-2024T15:34:20 - [MESSAGE][PASSED] - Object 'Object Repository/Page_ACME demo app/a_Make Payment' is present

29-02-2024T15:34:20 - [TEST_STEP][PASSED] - verifyElementText(findTestObject("Object Repository/Page_ACME demo app/h6_Financial Overview"), "Financial Overview"): Actual text and expected text of test object 'Object Repository/Page_ACME demo app/h6_Financial Overview' are matched.

29-02-2024T15:34:20 - [MESSAGE][PASSED] - Actual text and expected text of test object 'Object Repository/Page_ACME demo app/h6_Financial Overview' are matched.

29-02-2024T15:34:20 - [TEST_STEP][PASSED] - verifyElementText(findTestObject("Object Repository/Page_ACME demo app/h6_Recent Transactions"), "Recent Transactions"): Actual text and expected text of test object 'Object Repository/Page_ACME demo app/h6_Recent Transactions' are matched.

29-02-2024T15:34:21 - [MESSAGE][PASSED] - Actual text and expected text of test object 'Object Repository/Page_ACME demo app/h6_Recent Transactions' are matched.

29-02-2024T15:34:21 - [TEST_STEP][PASSED] - closeBrowser(): Browser is closed

29-02-2024T15:34:21 - [MESSAGE][PASSED] - Browser is closed]]></system-out>
         <system-err><![CDATA[]]></system-err>
      </testcase>
      <system-out><![CDATA[29-02-2024T15:34:03 - [TEST_SUITE][PASSED] - All Login: Test Cases/Main Test Case/TC2_Login Verify]]></system-out>
      <system-err><![CDATA[]]></system-err>
   </testsuite>
</testsuites>
