<?xml version="1.0" encoding="UTF-8"?>
<testsuites name="All Login" time="14.01" tests="2" failures="0" errors="0">
   <testsuite name="All Login" tests="2" failures="0" errors="0" time="14.01" skipped="0" timestamp="29-02-2024T21:38:46" hostname="Panji - host.docker.internal" id="Test Suites/All Login">
      <properties>
         <property name="deviceName" value=""/>
         <property name="devicePlatform" value=""/>
         <property name="logFolder" value="C:\\Users\\Panji\\Documents\\Panjay\\QA\\SESI-11\\Final Project 2\\Reports\\20240229_213836\\All Login\\20240229_213836"/>
         <property name="logFiles" value="C:\\Users\\Panji\\Documents\\Panjay\\QA\\SESI-11\\Final Project 2\\Reports\\20240229_213836\\All Login\\20240229_213836\\execution0.log"/>
         <property name="attachments" value=""/>
         <property name="hostName" value="Panji - host.docker.internal"/>
         <property name="os" value="Windows 11 64bit"/>
         <property name="katalonVersion" value="9.3.0.212"/>
         <property name="browser" value="Chrome 122.0.0.0"/>
         <property name="hostAddress" value="192.168.100.9"/>
         <property name="sessionId" value="ec0e765b8c44f3b688d974d45a70efa3"/>
         <property name="seleniumVersion" value="3.141.59"/>
         <property name="proxyInformation" value="ProxyInformation { proxyOption=NO_PROXY, proxyServerType=HTTP, username=, password=********, proxyServerAddress=, proxyServerPort=0, executionList=&quot;&quot;, isApplyToDesiredCapabilities=true }"/>
         <property name="platform" value="Windows 11"/>
      </properties>
      <testcase name="Test Cases/Main Test Case/TC1_Login Verify" time="7.488" classname="Test Cases/Main Test Case/TC1_Login Verify" status="PASSED">
         <system-out><![CDATA[29-02-2024T21:38:46 - [TEST_CASE][PASSED] - Test Cases/Main Test Case/TC1_Login Verify: Test Cases/Main Test Case/TC1_Login Verify

29-02-2024T21:38:46 - [TEST_STEP][PASSED] - callTestCase(findTestCase("Common Test Case/Login"), ["Password":"panji123", "userName":"panji"], STOP_ON_FAILURE): Call Test Case 'Test Cases/Common Test Case/Login' successfully

29-02-2024T21:38:47 - [TEST_CASE][PASSED] - Test Cases/Common Test Case/Login: Test Cases/Common Test Case/Login

29-02-2024T21:38:47 - [TEST_STEP][PASSED] - openBrowser(""): Browser is opened with url: ''

29-02-2024T21:38:47 - [MESSAGE][INFO] - Starting 'Chrome' driver

29-02-2024T21:38:47 - [MESSAGE][INFO] - Action delay is set to 0 milliseconds

29-02-2024T21:38:49 - [MESSAGE][PASSED] - Browser is opened with url: ''

29-02-2024T21:38:49 - [TEST_STEP][PASSED] - navigateToUrl("https://demo.applitools.com"): Navigate to 'https://demo.applitools.com' successfully

29-02-2024T21:38:49 - [MESSAGE][PASSED] - Navigate to 'https://demo.applitools.com' successfully

29-02-2024T21:38:49 - [TEST_STEP][PASSED] - doubleClick(findTestObject("Object Repository/Page_ACME Demo App by Applitools/input_Username_username")): Object: 'Object Repository/Page_ACME Demo App by Applitools/input_Username_username' is double clicked on

29-02-2024T21:38:50 - [MESSAGE][PASSED] - Object: 'Object Repository/Page_ACME Demo App by Applitools/input_Username_username' is double clicked on

29-02-2024T21:38:50 - [TEST_STEP][PASSED] - setText(findTestObject("Object Repository/Page_ACME Demo App by Applitools/input_Username_username"), userName): Text 'panji' is set on object 'Object Repository/Page_ACME Demo App by Applitools/input_Username_username'

29-02-2024T21:38:50 - [MESSAGE][PASSED] - Text 'panji' is set on object 'Object Repository/Page_ACME Demo App by Applitools/input_Username_username'

29-02-2024T21:38:50 - [TEST_STEP][PASSED] - setText(findTestObject("Object Repository/Page_ACME Demo App by Applitools/input_Password_password"), Password): Text 'panji123' is set on object 'Object Repository/Page_ACME Demo App by Applitools/input_Password_password'

29-02-2024T21:38:51 - [MESSAGE][PASSED] - Text 'panji123' is set on object 'Object Repository/Page_ACME Demo App by Applitools/input_Password_password'

29-02-2024T21:38:51 - [TEST_STEP][PASSED] - click(findTestObject("Object Repository/Page_ACME Demo App by Applitools/a_Sign in")): Object: 'Object Repository/Page_ACME Demo App by Applitools/a_Sign in' is clicked on

29-02-2024T21:38:52 - [MESSAGE][PASSED] - Object: 'Object Repository/Page_ACME Demo App by Applitools/a_Sign in' is clicked on

29-02-2024T21:38:52 - [MESSAGE][PASSED] - Call Test Case 'Test Cases/Common Test Case/Login' successfully

29-02-2024T21:38:52 - [TEST_STEP][PASSED] - verifyElementPresent(findTestObject("Object Repository/Page_ACME demo app/a_Add Account"), 10): Object 'Object Repository/Page_ACME demo app/a_Add Account' is present

29-02-2024T21:38:52 - [MESSAGE][PASSED] - Object 'Object Repository/Page_ACME demo app/a_Add Account' is present

29-02-2024T21:38:52 - [TEST_STEP][PASSED] - verifyElementPresent(findTestObject("Object Repository/Page_ACME demo app/a_Make Payment"), 10): Object 'Object Repository/Page_ACME demo app/a_Make Payment' is present

29-02-2024T21:38:53 - [MESSAGE][PASSED] - Object 'Object Repository/Page_ACME demo app/a_Make Payment' is present

29-02-2024T21:38:53 - [TEST_STEP][PASSED] - verifyElementText(findTestObject("Object Repository/Page_ACME demo app/h6_Financial Overview"), "Financial Overview"): Actual text and expected text of test object 'Object Repository/Page_ACME demo app/h6_Financial Overview' are matched.

29-02-2024T21:38:53 - [MESSAGE][PASSED] - Actual text and expected text of test object 'Object Repository/Page_ACME demo app/h6_Financial Overview' are matched.

29-02-2024T21:38:53 - [TEST_STEP][PASSED] - verifyElementText(findTestObject("Object Repository/Page_ACME demo app/h6_Recent Transactions"), "Recent Transactions"): Actual text and expected text of test object 'Object Repository/Page_ACME demo app/h6_Recent Transactions' are matched.

29-02-2024T21:38:53 - [MESSAGE][PASSED] - Actual text and expected text of test object 'Object Repository/Page_ACME demo app/h6_Recent Transactions' are matched.

29-02-2024T21:38:53 - [TEST_STEP][PASSED] - closeBrowser(): Browser is closed

29-02-2024T21:38:53 - [MESSAGE][PASSED] - Browser is closed]]></system-out>
         <system-err><![CDATA[]]></system-err>
      </testcase>
      <testcase name="Test Cases/Main Test Case/TC2_Login Verify" time="6.215" classname="Test Cases/Main Test Case/TC2_Login Verify" status="PASSED">
         <system-out><![CDATA[29-02-2024T21:38:53 - [TEST_CASE][PASSED] - Test Cases/Main Test Case/TC2_Login Verify: Test Cases/Main Test Case/TC2_Login Verify

29-02-2024T21:38:54 - [TEST_STEP][PASSED] - callTestCase(findTestCase("Common Test Case/Login"), ["Password":"jipan123", "userName":"jipan"], STOP_ON_FAILURE): Call Test Case 'Test Cases/Common Test Case/Login' successfully

29-02-2024T21:38:54 - [TEST_CASE][PASSED] - Test Cases/Common Test Case/Login: Test Cases/Common Test Case/Login

29-02-2024T21:38:54 - [TEST_STEP][PASSED] - openBrowser(""): Browser is opened with url: ''

29-02-2024T21:38:54 - [MESSAGE][INFO] - Starting 'Chrome' driver

29-02-2024T21:38:54 - [MESSAGE][INFO] - Action delay is set to 0 milliseconds

29-02-2024T21:38:55 - [MESSAGE][PASSED] - Browser is opened with url: ''

29-02-2024T21:38:55 - [TEST_STEP][PASSED] - navigateToUrl("https://demo.applitools.com"): Navigate to 'https://demo.applitools.com' successfully

29-02-2024T21:38:55 - [MESSAGE][PASSED] - Navigate to 'https://demo.applitools.com' successfully

29-02-2024T21:38:55 - [TEST_STEP][PASSED] - doubleClick(findTestObject("Object Repository/Page_ACME Demo App by Applitools/input_Username_username")): Object: 'Object Repository/Page_ACME Demo App by Applitools/input_Username_username' is double clicked on

29-02-2024T21:38:55 - [MESSAGE][PASSED] - Object: 'Object Repository/Page_ACME Demo App by Applitools/input_Username_username' is double clicked on

29-02-2024T21:38:55 - [TEST_STEP][PASSED] - setText(findTestObject("Object Repository/Page_ACME Demo App by Applitools/input_Username_username"), userName): Text 'jipan' is set on object 'Object Repository/Page_ACME Demo App by Applitools/input_Username_username'

29-02-2024T21:38:56 - [MESSAGE][PASSED] - Text 'jipan' is set on object 'Object Repository/Page_ACME Demo App by Applitools/input_Username_username'

29-02-2024T21:38:56 - [TEST_STEP][PASSED] - setText(findTestObject("Object Repository/Page_ACME Demo App by Applitools/input_Password_password"), Password): Text 'jipan123' is set on object 'Object Repository/Page_ACME Demo App by Applitools/input_Password_password'

29-02-2024T21:38:57 - [MESSAGE][PASSED] - Text 'jipan123' is set on object 'Object Repository/Page_ACME Demo App by Applitools/input_Password_password'

29-02-2024T21:38:57 - [TEST_STEP][PASSED] - click(findTestObject("Object Repository/Page_ACME Demo App by Applitools/a_Sign in")): Object: 'Object Repository/Page_ACME Demo App by Applitools/a_Sign in' is clicked on

29-02-2024T21:38:58 - [MESSAGE][PASSED] - Object: 'Object Repository/Page_ACME Demo App by Applitools/a_Sign in' is clicked on

29-02-2024T21:38:58 - [MESSAGE][PASSED] - Call Test Case 'Test Cases/Common Test Case/Login' successfully

29-02-2024T21:38:58 - [TEST_STEP][PASSED] - verifyElementPresent(findTestObject("Object Repository/Page_ACME demo app/a_Add Account"), 10): Object 'Object Repository/Page_ACME demo app/a_Add Account' is present

29-02-2024T21:38:58 - [MESSAGE][PASSED] - Object 'Object Repository/Page_ACME demo app/a_Add Account' is present

29-02-2024T21:38:58 - [TEST_STEP][PASSED] - verifyElementPresent(findTestObject("Object Repository/Page_ACME demo app/a_Make Payment"), 10): Object 'Object Repository/Page_ACME demo app/a_Make Payment' is present

29-02-2024T21:38:59 - [MESSAGE][PASSED] - Object 'Object Repository/Page_ACME demo app/a_Make Payment' is present

29-02-2024T21:38:59 - [TEST_STEP][PASSED] - verifyElementText(findTestObject("Object Repository/Page_ACME demo app/h6_Financial Overview"), "Financial Overview"): Actual text and expected text of test object 'Object Repository/Page_ACME demo app/h6_Financial Overview' are matched.

29-02-2024T21:38:59 - [MESSAGE][PASSED] - Actual text and expected text of test object 'Object Repository/Page_ACME demo app/h6_Financial Overview' are matched.

29-02-2024T21:38:59 - [TEST_STEP][PASSED] - verifyElementText(findTestObject("Object Repository/Page_ACME demo app/h6_Recent Transactions"), "Recent Transactions"): Actual text and expected text of test object 'Object Repository/Page_ACME demo app/h6_Recent Transactions' are matched.

29-02-2024T21:38:59 - [MESSAGE][PASSED] - Actual text and expected text of test object 'Object Repository/Page_ACME demo app/h6_Recent Transactions' are matched.

29-02-2024T21:38:59 - [TEST_STEP][PASSED] - closeBrowser(): Browser is closed

29-02-2024T21:39:00 - [MESSAGE][PASSED] - Browser is closed]]></system-out>
         <system-err><![CDATA[]]></system-err>
      </testcase>
      <system-out><![CDATA[29-02-2024T21:38:46 - [TEST_SUITE][PASSED] - All Login: Test Cases/Main Test Case/TC2_Login Verify]]></system-out>
      <system-err><![CDATA[]]></system-err>
   </testsuite>
</testsuites>
